<?xml version="1.0" encoding="UTF-8"?>
<!-- Generated by org.testng.reporters.JUnitReportReporter -->
<testsuite hostname="DESKTOP-2DKGC34" failures="0" tests="1" name="Dhaka_Demo.Date" time="18.935" errors="0" timestamp="2022-02-16T12:31:44 BDT" skipped="0">
  <testcase classname="Dhaka_Demo.Date" name="date" time="18.935"/>
  <system-out/>
</testsuite> <!-- Dhaka_Demo.Date -->
