<?xml version="1.0" encoding="UTF-8"?>
<!-- Generated by org.testng.reporters.JUnitReportReporter -->
<testsuite hostname="DESKTOP-2DKGC34" failures="0" tests="1" name="Dhaka_Demo.CreateAccount" time="6.032" errors="0" timestamp="2022-01-29T15:03:16 BDT" skipped="0">
  <testcase classname="Dhaka_Demo.CreateAccount" name="accountFb" time="6.032"/>
  <system-out/>
</testsuite> <!-- Dhaka_Demo.CreateAccount -->
