<?xml version="1.0" encoding="UTF-8"?>
<!-- Generated by org.testng.reporters.JUnitReportReporter -->
<testsuite hostname="DESKTOP-2DKGC34" failures="0" tests="1" name="Dhaka_Demo.Cookies_Handle" time="6.819" errors="0" timestamp="2022-01-26T15:04:15 BDT" skipped="0">
  <testcase classname="Dhaka_Demo.Cookies_Handle" name="cookies" time="6.819"/>
  <system-out/>
</testsuite> <!-- Dhaka_Demo.Cookies_Handle -->
