<?xml version="1.0" encoding="UTF-8"?>
<!-- Generated by org.testng.reporters.JUnitReportReporter -->
<testsuite hostname="DESKTOP-2DKGC34" failures="0" tests="1" name="Dhaka_Demo.PopUp" time="8.649" errors="0" timestamp="2022-01-15T15:48:42 BDT" skipped="0">
  <testcase classname="Dhaka_Demo.PopUp" name="popUp" time="8.649"/>
  <system-out/>
</testsuite> <!-- Dhaka_Demo.PopUp -->
