<?xml version="1.0" encoding="UTF-8"?>
<!-- Generated by org.testng.reporters.JUnitReportReporter -->
<testsuite hostname="DESKTOP-2DKGC34" failures="0" tests="1" name="Dhaka_Demo.PageRefresh" time="11.521" errors="0" timestamp="2022-02-20T08:25:28 BDT" skipped="0">
  <testcase classname="Dhaka_Demo.PageRefresh" name="pageRefresh" time="11.521"/>
  <system-out/>
</testsuite> <!-- Dhaka_Demo.PageRefresh -->
