<?xml version="1.0" encoding="UTF-8"?>
<!-- Generated by org.testng.reporters.JUnitReportReporter -->
<testsuite hostname="DESKTOP-2DKGC34" failures="0" tests="1" name="Dhaka_Demo.CurrentTitle_CurrentUrl" time="7.093" errors="0" timestamp="2022-01-19T14:15:21 BDT" skipped="0">
  <testcase classname="Dhaka_Demo.CurrentTitle_CurrentUrl" name="currentTitle" time="7.093"/>
  <system-out/>
</testsuite> <!-- Dhaka_Demo.CurrentTitle_CurrentUrl -->
