<?xml version="1.0" encoding="UTF-8"?>
<!-- Generated by org.testng.reporters.JUnitReportReporter -->
<testsuite hostname="DESKTOP-2DKGC34" failures="0" tests="1" name="Dhaka_Demo.RetriveLink" time="14.475" errors="0" timestamp="2022-01-22T14:03:03 BDT" skipped="0">
  <testcase classname="Dhaka_Demo.RetriveLink" name="retriveValue" time="14.475"/>
  <system-out/>
</testsuite> <!-- Dhaka_Demo.RetriveLink -->
