<?xml version="1.0" encoding="UTF-8"?>
<!-- Generated by org.testng.reporters.JUnitReportReporter -->
<testsuite hostname="DESKTOP-2DKGC34" failures="0" tests="1" name="Dhaka_Demo.RetriveValue" time="11.802" errors="0" timestamp="2022-01-12T19:11:26 BDT" skipped="0">
  <testcase classname="Dhaka_Demo.RetriveValue" name="retriveValue" time="11.802"/>
  <system-out/>
</testsuite> <!-- Dhaka_Demo.RetriveValue -->
