<?xml version="1.0" encoding="UTF-8"?>
<!-- Generated by org.testng.reporters.JUnitReportReporter -->
<testsuite hostname="DESKTOP-2DKGC34" failures="0" tests="1" name="Dhaka_Demo.ImplicitWait_PageloadOut" time="7.742" errors="0" timestamp="2022-01-20T08:21:45 BDT" skipped="0">
  <testcase classname="Dhaka_Demo.ImplicitWait_PageloadOut" name="waitingTime" time="7.742"/>
  <system-out/>
</testsuite> <!-- Dhaka_Demo.ImplicitWait_PageloadOut -->
