<?xml version="1.0" encoding="UTF-8"?>
<!-- Generated by org.testng.reporters.JUnitReportReporter -->
<testsuite hostname="DESKTOP-2DKGC34" failures="0" tests="1" name="Dhaka_Demo.ScrollDown" time="21.830" errors="0" timestamp="2022-01-29T18:22:11 BDT" skipped="0">
  <testcase classname="Dhaka_Demo.ScrollDown" name="scrollDown" time="21.830"/>
  <system-out/>
</testsuite> <!-- Dhaka_Demo.ScrollDown -->
