<?xml version="1.0" encoding="UTF-8"?>
<!-- Generated by org.testng.reporters.JUnitReportReporter -->
<testsuite hostname="DESKTOP-2DKGC34" failures="0" tests="1" name="Dhaka_Demo.Verify_Title" time="8.834" errors="0" timestamp="2022-01-29T19:11:39 BDT" skipped="0">
  <testcase classname="Dhaka_Demo.Verify_Title" name="titleVerify" time="8.834"/>
  <system-out/>
</testsuite> <!-- Dhaka_Demo.Verify_Title -->
