<?xml version="1.0" encoding="UTF-8"?>
<!-- Generated by org.testng.reporters.JUnitReportReporter -->
<testsuite hostname="DESKTOP-2DKGC34" failures="0" tests="1" name="Dhaka_Demo.Dell_Mousehover" time="16.761" errors="0" timestamp="2022-01-18T11:02:45 BDT" skipped="0">
  <testcase classname="Dhaka_Demo.Dell_Mousehover" name="mouseHover" time="16.761"/>
  <system-out/>
</testsuite> <!-- Dhaka_Demo.Dell_Mousehover -->
