<?xml version="1.0" encoding="UTF-8"?>
<!-- Generated by org.testng.reporters.JUnitReportReporter -->
<testsuite hostname="DESKTOP-2DKGC34" failures="0" tests="1" name="Dhaka_Demo.First_Script" time="11.759" errors="0" timestamp="2022-01-12T17:10:02 BDT" skipped="0">
  <testcase classname="Dhaka_Demo.First_Script" name="first_scripts" time="11.759"/>
  <system-out/>
</testsuite> <!-- Dhaka_Demo.First_Script -->
