<?xml version="1.0" encoding="UTF-8"?>
<!-- Generated by org.testng.reporters.JUnitReportReporter -->
<testsuite hostname="DESKTOP-2DKGC34" failures="0" tests="1" name="Dhaka_Demo.GetValueFromWeb" time="8.539" errors="0" timestamp="2022-01-24T12:18:52 BDT" skipped="0">
  <testcase classname="Dhaka_Demo.GetValueFromWeb" name="getValue" time="8.539"/>
  <system-out/>
</testsuite> <!-- Dhaka_Demo.GetValueFromWeb -->
