<?xml version="1.0" encoding="UTF-8"?>
<!-- Generated by org.testng.reporters.JUnitReportReporter -->
<testsuite hostname="DESKTOP-2DKGC34" failures="0" tests="1" name="Dhaka_Demo.Select_Drop_Down" time="8.241" errors="0" timestamp="2022-01-15T12:31:19 BDT" skipped="0">
  <testcase classname="Dhaka_Demo.Select_Drop_Down" name="dropDown" time="8.241"/>
  <system-out/>
</testsuite> <!-- Dhaka_Demo.Select_Drop_Down -->
